#Packing pin usage report
Type: io
	Input Pin Usage:
		Max: 1.00 (1.00)
		Avg: 0.21 (0.21)
		Min: 0.00 (0.00)
		Histogram:
		[        0:      0.1) 11 ( 78.6%) |************************************************
		[      0.1:      0.2)  0 (  0.0%) |
		[      0.2:      0.3)  0 (  0.0%) |
		[      0.3:      0.4)  0 (  0.0%) |
		[      0.4:      0.5)  0 (  0.0%) |
		[      0.5:      0.6)  0 (  0.0%) |
		[      0.6:      0.7)  0 (  0.0%) |
		[      0.7:      0.8)  0 (  0.0%) |
		[      0.8:      0.9)  0 (  0.0%) |
		[      0.9:        1)  3 ( 21.4%) |*************
	Output Pin Usage:
		Max: 1.00 (1.00)
		Avg: 0.79 (0.79)
		Min: 0.00 (0.00)
		Histogram:
		[        0:      0.1)  3 ( 21.4%) |*************
		[      0.1:      0.2)  0 (  0.0%) |
		[      0.2:      0.3)  0 (  0.0%) |
		[      0.3:      0.4)  0 (  0.0%) |
		[      0.4:      0.5)  0 (  0.0%) |
		[      0.5:      0.6)  0 (  0.0%) |
		[      0.6:      0.7)  0 (  0.0%) |
		[      0.7:      0.8)  0 (  0.0%) |
		[      0.8:      0.9)  0 (  0.0%) |
		[      0.9:        1) 11 ( 78.6%) |************************************************

Type: clb
	Input Pin Usage:
		Max: 29.00 (0.78)
		Avg: 22.00 (0.59)
		Min: 15.00 (0.41)
		Histogram:
		[        0:      3.7) 0 (  0.0%) |
		[      3.7:      7.4) 0 (  0.0%) |
		[      7.4:       11) 0 (  0.0%) |
		[       11:       15) 0 (  0.0%) |
		[       15:       18) 1 ( 50.0%) |**************************************************
		[       18:       22) 0 (  0.0%) |
		[       22:       26) 0 (  0.0%) |
		[       26:       30) 1 ( 50.0%) |**************************************************
		[       30:       33) 0 (  0.0%) |
		[       33:       37) 0 (  0.0%) |
	Output Pin Usage:
		Max: 8.00 (0.42)
		Avg: 6.00 (0.32)
		Min: 4.00 (0.21)
		Histogram:
		[        0:      1.9) 0 (  0.0%) |
		[      1.9:      3.8) 0 (  0.0%) |
		[      3.8:      5.7) 1 ( 50.0%) |**************************************************
		[      5.7:      7.6) 0 (  0.0%) |
		[      7.6:      9.5) 1 ( 50.0%) |**************************************************
		[      9.5:       11) 0 (  0.0%) |
		[       11:       13) 0 (  0.0%) |
		[       13:       15) 0 (  0.0%) |
		[       15:       17) 0 (  0.0%) |
		[       17:       19) 0 (  0.0%) |

