/home/everton/OpenFPGA_bitstream_generation/build/yosys/bin/yosys yosys.ys

 /----------------------------------------------------------------------------\
 |                                                                            |
 |  yosys -- Yosys Open SYnthesis Suite                                       |
 |                                                                            |
 |  Copyright (C) 2012 - 2020  Claire Xenia Wolf <claire@yosyshq.com>         |
 |                                                                            |
 |  Permission to use, copy, modify, and/or distribute this software for any  |
 |  purpose with or without fee is hereby granted, provided that the above    |
 |  copyright notice and this permission notice appear in all copies.         |
 |                                                                            |
 |  THE SOFTWARE IS PROVIDED "AS IS" AND THE AUTHOR DISCLAIMS ALL WARRANTIES  |
 |  WITH REGARD TO THIS SOFTWARE INCLUDING ALL IMPLIED WARRANTIES OF          |
 |  MERCHANTABILITY AND FITNESS. IN NO EVENT SHALL THE AUTHOR BE LIABLE FOR   |
 |  ANY SPECIAL, DIRECT, INDIRECT, OR CONSEQUENTIAL DAMAGES OR ANY DAMAGES    |
 |  WHATSOEVER RESULTING FROM LOSS OF USE, DATA OR PROFITS, WHETHER IN AN     |
 |  ACTION OF CONTRACT, NEGLIGENCE OR OTHER TORTIOUS ACTION, ARISING OUT OF   |
 |  OR IN CONNECTION WITH THE USE OR PERFORMANCE OF THIS SOFTWARE.            |
 |                                                                            |
 \----------------------------------------------------------------------------/

 Yosys 0.27+3 (git sha1 b58664d44, gcc 11.3.0-1ubuntu1~22.04 -fPIC -Os)


-- Executing script file `yosys.ys' --

1. Executing Verilog-2005 frontend: ./benchmark/maskmul.v
Parsing Verilog input from `./benchmark/maskmul.v' to AST representation.
Generating RTLIL representation for module `\maskmul'.
Generating RTLIL representation for module `\gf2mul'.
Successfully finished Verilog frontend.

2. Executing HIERARCHY pass (managing design hierarchy).

2.1. Analyzing design hierarchy..
Top module:  \maskmul
Used module:     \gf2mul

2.2. Analyzing design hierarchy..
Top module:  \maskmul
Used module:     \gf2mul
Removed 0 unused modules.

3. Executing PROC pass (convert processes to netlists).

3.1. Executing PROC_CLEAN pass (remove empty switches from decision trees).
Cleaned up 0 empty switches.

3.2. Executing PROC_RMDEAD pass (remove dead branches from decision trees).
Marked 1 switch rules as full_case in process $proc$./benchmark/maskmul.v:32$5 in module maskmul.
Removed a total of 0 dead cases.

3.3. Executing PROC_PRUNE pass (remove redundant assignments in processes).
Removed 1 redundant assignment.
Promoted 0 assignments to connections.

3.4. Executing PROC_INIT pass (extract init attributes).

3.5. Executing PROC_ARST pass (detect async resets in processes).
Found async reset \reset in `\maskmul.$proc$./benchmark/maskmul.v:32$5'.

3.6. Executing PROC_ROM pass (convert switches to ROMs).
Converted 0 switches.

3.7. Executing PROC_MUX pass (convert decision trees to multiplexers).
Creating decoders for process `\maskmul.$proc$./benchmark/maskmul.v:32$5'.
     1/1: $0\qmr[1:0]

3.8. Executing PROC_DLATCH pass (convert process syncs to latches).

3.9. Executing PROC_DFF pass (convert process syncs to FFs).
Creating register for signal `\maskmul.\qmr' using process `\maskmul.$proc$./benchmark/maskmul.v:32$5'.
  created $adff cell `$procdff$14' with positive edge clock and positive level reset.

3.10. Executing PROC_MEMWR pass (convert process memory writes to cells).

3.11. Executing PROC_CLEAN pass (remove empty switches from decision trees).
Removing empty process `maskmul.$proc$./benchmark/maskmul.v:32$5'.
Cleaned up 0 empty switches.

3.12. Executing OPT_EXPR pass (perform const folding).
Optimizing module gf2mul.
Optimizing module maskmul.

4. Executing TECHMAP pass (map to technology primitives).

4.1. Executing Verilog-2005 frontend: /home/everton/OpenFPGA_bitstream_generation/build/yosys/bin/../share/yosys/adff2dff.v
Parsing Verilog input from `/home/everton/OpenFPGA_bitstream_generation/build/yosys/bin/../share/yosys/adff2dff.v' to AST representation.
Generating RTLIL representation for module `\adff2dff'.
Successfully finished Verilog frontend.

4.2. Continuing TECHMAP pass.
Using template $paramod$7ad256748f7a95fe5e7e4769b672ff20093b04f8\adff2dff for cells of type $adff.
No more expansions possible.
<suppressed ~94 debug messages>

5. Executing FLATTEN pass (flatten design).
Deleting now unused module gf2mul.
<suppressed ~4 debug messages>

6. Executing OPT_EXPR pass (perform const folding).
Optimizing module maskmul.

7. Executing OPT_CLEAN pass (remove unused cells and wires).
Finding unused cells or wires in module \maskmul..
Removed 0 unused cells and 18 unused wires.
<suppressed ~1 debug messages>

8. Executing CHECK pass (checking for obvious problems).
Checking module maskmul...
Found and reported 0 problems.

9. Executing OPT pass (performing simple optimizations).

9.1. Executing OPT_EXPR pass (perform const folding).
Optimizing module maskmul.

9.2. Executing OPT_MERGE pass (detect identical cells).
Finding identical cells in module `\maskmul'.
<suppressed ~12 debug messages>
Removed a total of 4 cells.

9.3. Executing OPT_MUXTREE pass (detect dead branches in mux trees).
Running muxtree optimizer on module \maskmul..
  Creating internal representation of mux trees.
  Evaluating internal representation of mux trees.
  Analyzing evaluation results.
Removed 0 multiplexer ports.
<suppressed ~1 debug messages>

9.4. Executing OPT_REDUCE pass (consolidate $*mux and $reduce_* inputs).
  Optimizing cells in module \maskmul.
Performed a total of 0 changes.

9.5. Executing OPT_MERGE pass (detect identical cells).
Finding identical cells in module `\maskmul'.
Removed a total of 0 cells.

9.6. Executing OPT_DFF pass (perform DFF optimizations).

9.7. Executing OPT_CLEAN pass (remove unused cells and wires).
Finding unused cells or wires in module \maskmul..
Removed 0 unused cells and 4 unused wires.
<suppressed ~1 debug messages>

9.8. Executing OPT_EXPR pass (perform const folding).
Optimizing module maskmul.

9.9. Rerunning OPT passes. (Maybe there is more to do..)

9.10. Executing OPT_MUXTREE pass (detect dead branches in mux trees).
Running muxtree optimizer on module \maskmul..
  Creating internal representation of mux trees.
  Evaluating internal representation of mux trees.
  Analyzing evaluation results.
Removed 0 multiplexer ports.
<suppressed ~1 debug messages>

9.11. Executing OPT_REDUCE pass (consolidate $*mux and $reduce_* inputs).
  Optimizing cells in module \maskmul.
Performed a total of 0 changes.

9.12. Executing OPT_MERGE pass (detect identical cells).
Finding identical cells in module `\maskmul'.
Removed a total of 0 cells.

9.13. Executing OPT_DFF pass (perform DFF optimizations).

9.14. Executing OPT_CLEAN pass (remove unused cells and wires).
Finding unused cells or wires in module \maskmul..

9.15. Executing OPT_EXPR pass (perform const folding).
Optimizing module maskmul.

9.16. Finished OPT passes. (There is nothing left to do.)

10. Executing FSM pass (extract and optimize FSM).

10.1. Executing FSM_DETECT pass (finding FSMs in design).

10.2. Executing FSM_EXTRACT pass (extracting FSM from design).

10.3. Executing FSM_OPT pass (simple optimizations of FSMs).

10.4. Executing OPT_CLEAN pass (remove unused cells and wires).
Finding unused cells or wires in module \maskmul..

10.5. Executing FSM_OPT pass (simple optimizations of FSMs).

10.6. Executing FSM_RECODE pass (re-assigning FSM state encoding).

10.7. Executing FSM_INFO pass (dumping all available information on FSM cells).

10.8. Executing FSM_MAP pass (mapping FSMs to basic logic).

11. Executing OPT pass (performing simple optimizations).

11.1. Executing OPT_EXPR pass (perform const folding).
Optimizing module maskmul.

11.2. Executing OPT_MERGE pass (detect identical cells).
Finding identical cells in module `\maskmul'.
Removed a total of 0 cells.

11.3. Executing OPT_MUXTREE pass (detect dead branches in mux trees).
Running muxtree optimizer on module \maskmul..
  Creating internal representation of mux trees.
  Evaluating internal representation of mux trees.
  Analyzing evaluation results.
Removed 0 multiplexer ports.
<suppressed ~1 debug messages>

11.4. Executing OPT_REDUCE pass (consolidate $*mux and $reduce_* inputs).
  Optimizing cells in module \maskmul.
Performed a total of 0 changes.

11.5. Executing OPT_MERGE pass (detect identical cells).
Finding identical cells in module `\maskmul'.
Removed a total of 0 cells.

11.6. Executing OPT_DFF pass (perform DFF optimizations).

11.7. Executing OPT_CLEAN pass (remove unused cells and wires).
Finding unused cells or wires in module \maskmul..

11.8. Executing OPT_EXPR pass (perform const folding).
Optimizing module maskmul.

11.9. Finished OPT passes. (There is nothing left to do.)

12. Executing WREDUCE pass (reducing word size of cells).

13. Executing PEEPOPT pass (run peephole optimizers).

14. Executing OPT_CLEAN pass (remove unused cells and wires).
Finding unused cells or wires in module \maskmul..

15. Executing OPT pass (performing simple optimizations).

15.1. Executing OPT_EXPR pass (perform const folding).
Optimizing module maskmul.

15.2. Executing OPT_MERGE pass (detect identical cells).
Finding identical cells in module `\maskmul'.
Removed a total of 0 cells.

15.3. Executing OPT_MUXTREE pass (detect dead branches in mux trees).
Running muxtree optimizer on module \maskmul..
  Creating internal representation of mux trees.
  Evaluating internal representation of mux trees.
  Analyzing evaluation results.
Removed 0 multiplexer ports.
<suppressed ~1 debug messages>

15.4. Executing OPT_REDUCE pass (consolidate $*mux and $reduce_* inputs).
  Optimizing cells in module \maskmul.
Performed a total of 0 changes.

15.5. Executing OPT_MERGE pass (detect identical cells).
Finding identical cells in module `\maskmul'.
Removed a total of 0 cells.

15.6. Executing OPT_DFF pass (perform DFF optimizations).

15.7. Executing OPT_CLEAN pass (remove unused cells and wires).
Finding unused cells or wires in module \maskmul..

15.8. Executing OPT_EXPR pass (perform const folding).
Optimizing module maskmul.

15.9. Finished OPT passes. (There is nothing left to do.)

16. Executing MEMORY pass.

16.1. Executing OPT_MEM pass (optimize memories).
Performed a total of 0 transformations.

16.2. Executing OPT_MEM_PRIORITY pass (removing unnecessary memory write priority relations).
Performed a total of 0 transformations.

16.3. Executing OPT_MEM_FEEDBACK pass (finding memory read-to-write feedback paths).

16.4. Executing MEMORY_BMUX2ROM pass (converting muxes to ROMs).

16.5. Executing MEMORY_DFF pass (merging $dff cells to $memrd).

16.6. Executing OPT_CLEAN pass (remove unused cells and wires).
Finding unused cells or wires in module \maskmul..

16.7. Executing MEMORY_SHARE pass (consolidating $memrd/$memwr cells).

16.8. Executing OPT_MEM_WIDEN pass (optimize memories where all ports are wide).
Performed a total of 0 transformations.

16.9. Executing OPT_CLEAN pass (remove unused cells and wires).
Finding unused cells or wires in module \maskmul..

16.10. Executing MEMORY_COLLECT pass (generating $mem cells).

17. Executing OPT_CLEAN pass (remove unused cells and wires).
Finding unused cells or wires in module \maskmul..

18. Executing OPT pass (performing simple optimizations).

18.1. Executing OPT_EXPR pass (perform const folding).
Optimizing module maskmul.

18.2. Executing OPT_MERGE pass (detect identical cells).
Finding identical cells in module `\maskmul'.
Removed a total of 0 cells.

18.3. Executing OPT_DFF pass (perform DFF optimizations).

18.4. Executing OPT_CLEAN pass (remove unused cells and wires).
Finding unused cells or wires in module \maskmul..

18.5. Finished fast OPT passes.

19. Executing MEMORY_MAP pass (converting memories to logic and flip-flops).

20. Executing OPT pass (performing simple optimizations).

20.1. Executing OPT_EXPR pass (perform const folding).
Optimizing module maskmul.

20.2. Executing OPT_MERGE pass (detect identical cells).
Finding identical cells in module `\maskmul'.
Removed a total of 0 cells.

20.3. Executing OPT_MUXTREE pass (detect dead branches in mux trees).
Running muxtree optimizer on module \maskmul..
  Creating internal representation of mux trees.
  Evaluating internal representation of mux trees.
  Analyzing evaluation results.
Removed 0 multiplexer ports.
<suppressed ~1 debug messages>

20.4. Executing OPT_REDUCE pass (consolidate $*mux and $reduce_* inputs).
  Optimizing cells in module \maskmul.
Performed a total of 0 changes.

20.5. Executing OPT_MERGE pass (detect identical cells).
Finding identical cells in module `\maskmul'.
Removed a total of 0 cells.

20.6. Executing OPT_SHARE pass.

20.7. Executing OPT_DFF pass (perform DFF optimizations).

20.8. Executing OPT_CLEAN pass (remove unused cells and wires).
Finding unused cells or wires in module \maskmul..

20.9. Executing OPT_EXPR pass (perform const folding).
Optimizing module maskmul.

20.10. Finished OPT passes. (There is nothing left to do.)

21. Executing TECHMAP pass (map to technology primitives).

21.1. Executing Verilog-2005 frontend: /home/everton/OpenFPGA_bitstream_generation/build/yosys/bin/../share/yosys/techmap.v
Parsing Verilog input from `/home/everton/OpenFPGA_bitstream_generation/build/yosys/bin/../share/yosys/techmap.v' to AST representation.
Generating RTLIL representation for module `\_90_simplemap_bool_ops'.
Generating RTLIL representation for module `\_90_simplemap_reduce_ops'.
Generating RTLIL representation for module `\_90_simplemap_logic_ops'.
Generating RTLIL representation for module `\_90_simplemap_compare_ops'.
Generating RTLIL representation for module `\_90_simplemap_various'.
Generating RTLIL representation for module `\_90_simplemap_registers'.
Generating RTLIL representation for module `\_90_shift_ops_shr_shl_sshl_sshr'.
Generating RTLIL representation for module `\_90_shift_shiftx'.
Generating RTLIL representation for module `\_90_fa'.
Generating RTLIL representation for module `\_90_lcu'.
Generating RTLIL representation for module `\_90_alu'.
Generating RTLIL representation for module `\_90_macc'.
Generating RTLIL representation for module `\_90_alumacc'.
Generating RTLIL representation for module `\$__div_mod_u'.
Generating RTLIL representation for module `\$__div_mod_trunc'.
Generating RTLIL representation for module `\_90_div'.
Generating RTLIL representation for module `\_90_mod'.
Generating RTLIL representation for module `\$__div_mod_floor'.
Generating RTLIL representation for module `\_90_divfloor'.
Generating RTLIL representation for module `\_90_modfloor'.
Generating RTLIL representation for module `\_90_pow'.
Generating RTLIL representation for module `\_90_pmux'.
Generating RTLIL representation for module `\_90_demux'.
Generating RTLIL representation for module `\_90_lut'.
Successfully finished Verilog frontend.

21.2. Continuing TECHMAP pass.
Using extmapper simplemap for cells of type $xor.
Using extmapper simplemap for cells of type $and.
Using extmapper simplemap for cells of type $dff.
Using extmapper simplemap for cells of type $mux.
No more expansions possible.
<suppressed ~107 debug messages>

22. Executing OPT pass (performing simple optimizations).

22.1. Executing OPT_EXPR pass (perform const folding).
Optimizing module maskmul.

22.2. Executing OPT_MERGE pass (detect identical cells).
Finding identical cells in module `\maskmul'.
Removed a total of 0 cells.

22.3. Executing OPT_DFF pass (perform DFF optimizations).

22.4. Executing OPT_CLEAN pass (remove unused cells and wires).
Finding unused cells or wires in module \maskmul..

22.5. Finished fast OPT passes.

23. Executing ABC pass (technology mapping using ABC).

23.1. Extracting gate netlist of module `\maskmul' to `<abc-temp-dir>/input.blif'..
Extracted 38 gates and 50 wires to a netlist network with 11 inputs and 2 outputs.

23.1.1. Executing ABC.
Running ABC command: "<yosys-exe-dir>/yosys-abc" -s -f <abc-temp-dir>/abc.script 2>&1
ABC: ABC command line: "source <abc-temp-dir>/abc.script".
ABC: 
ABC: + read_blif <abc-temp-dir>/input.blif 
ABC: + read_lut <abc-temp-dir>/lutdefs.txt 
ABC: + strash 
ABC: + &get -n 
ABC: + &fraig -x 
ABC: + &put 
ABC: + scorr 
ABC: Warning: The network is combinational (run "fraig" or "fraig_sweep").
ABC: + dc2 
ABC: + dretime 
ABC: + strash 
ABC: + dch -f 
ABC: + if 
ABC: + mfs2 
ABC: + lutpack -S 1 
ABC: + write_blif <abc-temp-dir>/output.blif 

23.1.2. Re-integrating ABC results.
ABC RESULTS:              $lut cells:        8
ABC RESULTS:        internal signals:       37
ABC RESULTS:           input signals:       11
ABC RESULTS:          output signals:        2
Removing temp directory.

24. Executing SYNTH pass.

24.1. Executing HIERARCHY pass (managing design hierarchy).

24.1.1. Analyzing design hierarchy..
Top module:  \maskmul

24.1.2. Analyzing design hierarchy..
Top module:  \maskmul
Removed 0 unused modules.

24.2. Printing statistics.

=== maskmul ===

   Number of wires:                 69
   Number of wire bits:             97
   Number of public wires:          29
   Number of public wire bits:      56
   Number of memories:               0
   Number of memory bits:            0
   Number of processes:              0
   Number of cells:                 10
     $_DFF_P_                        2
     $lut                            8

24.3. Executing CHECK pass (checking for obvious problems).
Checking module maskmul...
Found and reported 0 problems.

25. Executing OPT_CLEAN pass (remove unused cells and wires).
Finding unused cells or wires in module \maskmul..
Removed 0 unused cells and 54 unused wires.
<suppressed ~22 debug messages>

26. Executing BLIF backend.

End of script. Logfile hash: 82a393b7e5, CPU: user 0.03s system 0.01s, MEM: 23.29 MB peak
Yosys 0.27+3 (git sha1 b58664d44, gcc 11.3.0-1ubuntu1~22.04 -fPIC -Os)
Time spent: 59% 1x abc (0 sec), 9% 14x opt_expr (0 sec), ...
0