#Packing pin usage report
Type: io
	Input Pin Usage:
		Max: 1.00 (1.00)
		Avg: 0.96 (0.96)
		Min: 0.00 (0.00)
		Histogram:
		[        0:      0.1)  1 (  4.0%) |**
		[      0.1:      0.2)  0 (  0.0%) |
		[      0.2:      0.3)  0 (  0.0%) |
		[      0.3:      0.4)  0 (  0.0%) |
		[      0.4:      0.5)  0 (  0.0%) |
		[      0.5:      0.6)  0 (  0.0%) |
		[      0.6:      0.7)  0 (  0.0%) |
		[      0.7:      0.8)  0 (  0.0%) |
		[      0.8:      0.9)  0 (  0.0%) |
		[      0.9:        1) 24 ( 96.0%) |************************************************
	Output Pin Usage:
		Max: 1.00 (1.00)
		Avg: 0.04 (0.04)
		Min: 0.00 (0.00)
		Histogram:
		[        0:      0.1) 24 ( 96.0%) |************************************************
		[      0.1:      0.2)  0 (  0.0%) |
		[      0.2:      0.3)  0 (  0.0%) |
		[      0.3:      0.4)  0 (  0.0%) |
		[      0.4:      0.5)  0 (  0.0%) |
		[      0.5:      0.6)  0 (  0.0%) |
		[      0.6:      0.7)  0 (  0.0%) |
		[      0.7:      0.8)  0 (  0.0%) |
		[      0.8:      0.9)  0 (  0.0%) |
		[      0.9:        1)  1 (  4.0%) |**

Type: clb
	Input Pin Usage:
		Max: 32.00 (0.86)
		Avg: 24.12 (0.65)
		Min: 4.00 (0.11)
		Histogram:
		[        0:      3.7) 0 (  0.0%) |
		[      3.7:      7.4) 1 ( 12.5%) |*************************
		[      7.4:       11) 0 (  0.0%) |
		[       11:       15) 0 (  0.0%) |
		[       15:       18) 0 (  0.0%) |
		[       18:       22) 1 ( 12.5%) |*************************
		[       22:       26) 2 ( 25.0%) |*************************************************
		[       26:       30) 2 ( 25.0%) |*************************************************
		[       30:       33) 2 ( 25.0%) |*************************************************
		[       33:       37) 0 (  0.0%) |
	Output Pin Usage:
		Max: 10.00 (0.53)
		Avg: 7.50 (0.39)
		Min: 1.00 (0.05)
		Histogram:
		[        0:      1.9) 1 ( 12.5%) |********
		[      1.9:      3.8) 0 (  0.0%) |
		[      3.8:      5.7) 0 (  0.0%) |
		[      5.7:      7.6) 0 (  0.0%) |
		[      7.6:      9.5) 6 ( 75.0%) |*************************************************
		[      9.5:       11) 1 ( 12.5%) |********
		[       11:       13) 0 (  0.0%) |
		[       13:       15) 0 (  0.0%) |
		[       15:       17) 0 (  0.0%) |
		[       17:       19) 0 (  0.0%) |

