/home/everton/OpenFPGA_bitstream_generation/build/yosys/bin/yosys yosys.ys

 /----------------------------------------------------------------------------\
 |                                                                            |
 |  yosys -- Yosys Open SYnthesis Suite                                       |
 |                                                                            |
 |  Copyright (C) 2012 - 2020  Claire Xenia Wolf <claire@yosyshq.com>         |
 |                                                                            |
 |  Permission to use, copy, modify, and/or distribute this software for any  |
 |  purpose with or without fee is hereby granted, provided that the above    |
 |  copyright notice and this permission notice appear in all copies.         |
 |                                                                            |
 |  THE SOFTWARE IS PROVIDED "AS IS" AND THE AUTHOR DISCLAIMS ALL WARRANTIES  |
 |  WITH REGARD TO THIS SOFTWARE INCLUDING ALL IMPLIED WARRANTIES OF          |
 |  MERCHANTABILITY AND FITNESS. IN NO EVENT SHALL THE AUTHOR BE LIABLE FOR   |
 |  ANY SPECIAL, DIRECT, INDIRECT, OR CONSEQUENTIAL DAMAGES OR ANY DAMAGES    |
 |  WHATSOEVER RESULTING FROM LOSS OF USE, DATA OR PROFITS, WHETHER IN AN     |
 |  ACTION OF CONTRACT, NEGLIGENCE OR OTHER TORTIOUS ACTION, ARISING OUT OF   |
 |  OR IN CONNECTION WITH THE USE OR PERFORMANCE OF THIS SOFTWARE.            |
 |                                                                            |
 \----------------------------------------------------------------------------/

 Yosys 0.27+3 (git sha1 b58664d44, gcc 11.3.0-1ubuntu1~22.04 -fPIC -Os)


-- Executing script file `yosys.ys' --

1. Executing Verilog-2005 frontend: ./benchmark/ALU_4bits.v
Parsing Verilog input from `./benchmark/ALU_4bits.v' to AST representation.
Generating RTLIL representation for module `\ALU_4bits'.
Successfully finished Verilog frontend.

2. Executing HIERARCHY pass (managing design hierarchy).

2.1. Analyzing design hierarchy..
Top module:  \ALU_4bits

2.2. Analyzing design hierarchy..
Top module:  \ALU_4bits
Removed 0 unused modules.

3. Executing PROC pass (convert processes to netlists).

3.1. Executing PROC_CLEAN pass (remove empty switches from decision trees).
Cleaned up 0 empty switches.

3.2. Executing PROC_RMDEAD pass (remove dead branches from decision trees).
Removed 1 dead cases from process $proc$./benchmark/ALU_4bits.v:8$1 in module ALU_4bits.
Marked 1 switch rules as full_case in process $proc$./benchmark/ALU_4bits.v:8$1 in module ALU_4bits.
Removed a total of 1 dead cases.

3.3. Executing PROC_PRUNE pass (remove redundant assignments in processes).
Removed 0 redundant assignments.
Promoted 1 assignment to connection.

3.4. Executing PROC_INIT pass (extract init attributes).

3.5. Executing PROC_ARST pass (detect async resets in processes).

3.6. Executing PROC_ROM pass (convert switches to ROMs).
Converted 0 switches.
<suppressed ~1 debug messages>

3.7. Executing PROC_MUX pass (convert decision trees to multiplexers).
Creating decoders for process `\ALU_4bits.$proc$./benchmark/ALU_4bits.v:8$1'.
     1/1: $1\result[3:0]

3.8. Executing PROC_DLATCH pass (convert process syncs to latches).
No latch inferred for signal `\ALU_4bits.\result' from process `\ALU_4bits.$proc$./benchmark/ALU_4bits.v:8$1'.

3.9. Executing PROC_DFF pass (convert process syncs to FFs).

3.10. Executing PROC_MEMWR pass (convert process memory writes to cells).

3.11. Executing PROC_CLEAN pass (remove empty switches from decision trees).
Found and cleaned up 1 empty switch in `\ALU_4bits.$proc$./benchmark/ALU_4bits.v:8$1'.
Removing empty process `ALU_4bits.$proc$./benchmark/ALU_4bits.v:8$1'.
Cleaned up 1 empty switch.

3.12. Executing OPT_EXPR pass (perform const folding).
Optimizing module ALU_4bits.
<suppressed ~1 debug messages>

4. Executing TECHMAP pass (map to technology primitives).

4.1. Executing Verilog-2005 frontend: /home/everton/OpenFPGA_bitstream_generation/build/yosys/bin/../share/yosys/adff2dff.v
Parsing Verilog input from `/home/everton/OpenFPGA_bitstream_generation/build/yosys/bin/../share/yosys/adff2dff.v' to AST representation.
Generating RTLIL representation for module `\adff2dff'.
Successfully finished Verilog frontend.

4.2. Continuing TECHMAP pass.
No more expansions possible.
<suppressed ~3 debug messages>

5. Executing FLATTEN pass (flatten design).

6. Executing OPT_EXPR pass (perform const folding).
Optimizing module ALU_4bits.

7. Executing OPT_CLEAN pass (remove unused cells and wires).
Finding unused cells or wires in module \ALU_4bits..
Removed 0 unused cells and 3 unused wires.
<suppressed ~1 debug messages>

8. Executing CHECK pass (checking for obvious problems).
Checking module ALU_4bits...
Found and reported 0 problems.

9. Executing OPT pass (performing simple optimizations).

9.1. Executing OPT_EXPR pass (perform const folding).
Optimizing module ALU_4bits.

9.2. Executing OPT_MERGE pass (detect identical cells).
Finding identical cells in module `\ALU_4bits'.
Removed a total of 0 cells.

9.3. Executing OPT_MUXTREE pass (detect dead branches in mux trees).
Running muxtree optimizer on module \ALU_4bits..
  Creating internal representation of mux trees.
  Evaluating internal representation of mux trees.
  Analyzing evaluation results.
Removed 0 multiplexer ports.
<suppressed ~1 debug messages>

9.4. Executing OPT_REDUCE pass (consolidate $*mux and $reduce_* inputs).
  Optimizing cells in module \ALU_4bits.
Performed a total of 0 changes.

9.5. Executing OPT_MERGE pass (detect identical cells).
Finding identical cells in module `\ALU_4bits'.
Removed a total of 0 cells.

9.6. Executing OPT_DFF pass (perform DFF optimizations).

9.7. Executing OPT_CLEAN pass (remove unused cells and wires).
Finding unused cells or wires in module \ALU_4bits..

9.8. Executing OPT_EXPR pass (perform const folding).
Optimizing module ALU_4bits.

9.9. Finished OPT passes. (There is nothing left to do.)

10. Executing FSM pass (extract and optimize FSM).

10.1. Executing FSM_DETECT pass (finding FSMs in design).

10.2. Executing FSM_EXTRACT pass (extracting FSM from design).

10.3. Executing FSM_OPT pass (simple optimizations of FSMs).

10.4. Executing OPT_CLEAN pass (remove unused cells and wires).
Finding unused cells or wires in module \ALU_4bits..

10.5. Executing FSM_OPT pass (simple optimizations of FSMs).

10.6. Executing FSM_RECODE pass (re-assigning FSM state encoding).

10.7. Executing FSM_INFO pass (dumping all available information on FSM cells).

10.8. Executing FSM_MAP pass (mapping FSMs to basic logic).

11. Executing OPT pass (performing simple optimizations).

11.1. Executing OPT_EXPR pass (perform const folding).
Optimizing module ALU_4bits.

11.2. Executing OPT_MERGE pass (detect identical cells).
Finding identical cells in module `\ALU_4bits'.
Removed a total of 0 cells.

11.3. Executing OPT_MUXTREE pass (detect dead branches in mux trees).
Running muxtree optimizer on module \ALU_4bits..
  Creating internal representation of mux trees.
  Evaluating internal representation of mux trees.
  Analyzing evaluation results.
Removed 0 multiplexer ports.
<suppressed ~1 debug messages>

11.4. Executing OPT_REDUCE pass (consolidate $*mux and $reduce_* inputs).
  Optimizing cells in module \ALU_4bits.
Performed a total of 0 changes.

11.5. Executing OPT_MERGE pass (detect identical cells).
Finding identical cells in module `\ALU_4bits'.
Removed a total of 0 cells.

11.6. Executing OPT_DFF pass (perform DFF optimizations).

11.7. Executing OPT_CLEAN pass (remove unused cells and wires).
Finding unused cells or wires in module \ALU_4bits..

11.8. Executing OPT_EXPR pass (perform const folding).
Optimizing module ALU_4bits.

11.9. Finished OPT passes. (There is nothing left to do.)

12. Executing WREDUCE pass (reducing word size of cells).
Removed top 1 bits (of 2) from port B of cell ALU_4bits.$procmux$9_CMP0 ($eq).

13. Executing PEEPOPT pass (run peephole optimizers).

14. Executing OPT_CLEAN pass (remove unused cells and wires).
Finding unused cells or wires in module \ALU_4bits..

15. Executing OPT pass (performing simple optimizations).

15.1. Executing OPT_EXPR pass (perform const folding).
Optimizing module ALU_4bits.

15.2. Executing OPT_MERGE pass (detect identical cells).
Finding identical cells in module `\ALU_4bits'.
Removed a total of 0 cells.

15.3. Executing OPT_MUXTREE pass (detect dead branches in mux trees).
Running muxtree optimizer on module \ALU_4bits..
  Creating internal representation of mux trees.
  Evaluating internal representation of mux trees.
  Analyzing evaluation results.
Removed 0 multiplexer ports.
<suppressed ~1 debug messages>

15.4. Executing OPT_REDUCE pass (consolidate $*mux and $reduce_* inputs).
  Optimizing cells in module \ALU_4bits.
Performed a total of 0 changes.

15.5. Executing OPT_MERGE pass (detect identical cells).
Finding identical cells in module `\ALU_4bits'.
Removed a total of 0 cells.

15.6. Executing OPT_DFF pass (perform DFF optimizations).

15.7. Executing OPT_CLEAN pass (remove unused cells and wires).
Finding unused cells or wires in module \ALU_4bits..

15.8. Executing OPT_EXPR pass (perform const folding).
Optimizing module ALU_4bits.

15.9. Finished OPT passes. (There is nothing left to do.)

16. Executing MEMORY pass.

16.1. Executing OPT_MEM pass (optimize memories).
Performed a total of 0 transformations.

16.2. Executing OPT_MEM_PRIORITY pass (removing unnecessary memory write priority relations).
Performed a total of 0 transformations.

16.3. Executing OPT_MEM_FEEDBACK pass (finding memory read-to-write feedback paths).

16.4. Executing MEMORY_BMUX2ROM pass (converting muxes to ROMs).

16.5. Executing MEMORY_DFF pass (merging $dff cells to $memrd).

16.6. Executing OPT_CLEAN pass (remove unused cells and wires).
Finding unused cells or wires in module \ALU_4bits..

16.7. Executing MEMORY_SHARE pass (consolidating $memrd/$memwr cells).

16.8. Executing OPT_MEM_WIDEN pass (optimize memories where all ports are wide).
Performed a total of 0 transformations.

16.9. Executing OPT_CLEAN pass (remove unused cells and wires).
Finding unused cells or wires in module \ALU_4bits..

16.10. Executing MEMORY_COLLECT pass (generating $mem cells).

17. Executing OPT_CLEAN pass (remove unused cells and wires).
Finding unused cells or wires in module \ALU_4bits..

18. Executing OPT pass (performing simple optimizations).

18.1. Executing OPT_EXPR pass (perform const folding).
Optimizing module ALU_4bits.
<suppressed ~1 debug messages>

18.2. Executing OPT_MERGE pass (detect identical cells).
Finding identical cells in module `\ALU_4bits'.
Removed a total of 0 cells.

18.3. Executing OPT_DFF pass (perform DFF optimizations).

18.4. Executing OPT_CLEAN pass (remove unused cells and wires).
Finding unused cells or wires in module \ALU_4bits..
Removed 1 unused cells and 1 unused wires.
<suppressed ~2 debug messages>

18.5. Finished fast OPT passes.

19. Executing MEMORY_MAP pass (converting memories to logic and flip-flops).

20. Executing OPT pass (performing simple optimizations).

20.1. Executing OPT_EXPR pass (perform const folding).
Optimizing module ALU_4bits.

20.2. Executing OPT_MERGE pass (detect identical cells).
Finding identical cells in module `\ALU_4bits'.
Removed a total of 0 cells.

20.3. Executing OPT_MUXTREE pass (detect dead branches in mux trees).
Running muxtree optimizer on module \ALU_4bits..
  Creating internal representation of mux trees.
  Evaluating internal representation of mux trees.
  Analyzing evaluation results.
Removed 0 multiplexer ports.
<suppressed ~1 debug messages>

20.4. Executing OPT_REDUCE pass (consolidate $*mux and $reduce_* inputs).
  Optimizing cells in module \ALU_4bits.
Performed a total of 0 changes.

20.5. Executing OPT_MERGE pass (detect identical cells).
Finding identical cells in module `\ALU_4bits'.
Removed a total of 0 cells.

20.6. Executing OPT_SHARE pass.
    Found cells that share an operand and can be merged by moving the $pmux $procmux$6 in front of them:
        $sub$./benchmark/ALU_4bits.v:11$3
        $add$./benchmark/ALU_4bits.v:10$2

20.7. Executing OPT_DFF pass (perform DFF optimizations).

20.8. Executing OPT_CLEAN pass (remove unused cells and wires).
Finding unused cells or wires in module \ALU_4bits..
Removed 0 unused cells and 2 unused wires.
<suppressed ~1 debug messages>

20.9. Executing OPT_EXPR pass (perform const folding).
Optimizing module ALU_4bits.

20.10. Rerunning OPT passes. (Maybe there is more to do..)

20.11. Executing OPT_MUXTREE pass (detect dead branches in mux trees).
Running muxtree optimizer on module \ALU_4bits..
  Creating internal representation of mux trees.
  Evaluating internal representation of mux trees.
  Analyzing evaluation results.
Removed 0 multiplexer ports.
<suppressed ~2 debug messages>

20.12. Executing OPT_REDUCE pass (consolidate $*mux and $reduce_* inputs).
  Optimizing cells in module \ALU_4bits.
    New ctrl vector for $pmux cell $procmux$6: { $procmux$8_CMP $procmux$7_CMP }
  Optimizing cells in module \ALU_4bits.
Performed a total of 1 changes.

20.13. Executing OPT_MERGE pass (detect identical cells).
Finding identical cells in module `\ALU_4bits'.
Removed a total of 0 cells.

20.14. Executing OPT_SHARE pass.

20.15. Executing OPT_DFF pass (perform DFF optimizations).

20.16. Executing OPT_CLEAN pass (remove unused cells and wires).
Finding unused cells or wires in module \ALU_4bits..

20.17. Executing OPT_EXPR pass (perform const folding).
Optimizing module ALU_4bits.

20.18. Rerunning OPT passes. (Maybe there is more to do..)

20.19. Executing OPT_MUXTREE pass (detect dead branches in mux trees).
Running muxtree optimizer on module \ALU_4bits..
  Creating internal representation of mux trees.
  Evaluating internal representation of mux trees.
  Analyzing evaluation results.
Removed 0 multiplexer ports.
<suppressed ~2 debug messages>

20.20. Executing OPT_REDUCE pass (consolidate $*mux and $reduce_* inputs).
  Optimizing cells in module \ALU_4bits.
Performed a total of 0 changes.

20.21. Executing OPT_MERGE pass (detect identical cells).
Finding identical cells in module `\ALU_4bits'.
Removed a total of 0 cells.

20.22. Executing OPT_SHARE pass.

20.23. Executing OPT_DFF pass (perform DFF optimizations).

20.24. Executing OPT_CLEAN pass (remove unused cells and wires).
Finding unused cells or wires in module \ALU_4bits..

20.25. Executing OPT_EXPR pass (perform const folding).
Optimizing module ALU_4bits.

20.26. Finished OPT passes. (There is nothing left to do.)

21. Executing TECHMAP pass (map to technology primitives).

21.1. Executing Verilog-2005 frontend: /home/everton/OpenFPGA_bitstream_generation/build/yosys/bin/../share/yosys/techmap.v
Parsing Verilog input from `/home/everton/OpenFPGA_bitstream_generation/build/yosys/bin/../share/yosys/techmap.v' to AST representation.
Generating RTLIL representation for module `\_90_simplemap_bool_ops'.
Generating RTLIL representation for module `\_90_simplemap_reduce_ops'.
Generating RTLIL representation for module `\_90_simplemap_logic_ops'.
Generating RTLIL representation for module `\_90_simplemap_compare_ops'.
Generating RTLIL representation for module `\_90_simplemap_various'.
Generating RTLIL representation for module `\_90_simplemap_registers'.
Generating RTLIL representation for module `\_90_shift_ops_shr_shl_sshl_sshr'.
Generating RTLIL representation for module `\_90_shift_shiftx'.
Generating RTLIL representation for module `\_90_fa'.
Generating RTLIL representation for module `\_90_lcu'.
Generating RTLIL representation for module `\_90_alu'.
Generating RTLIL representation for module `\_90_macc'.
Generating RTLIL representation for module `\_90_alumacc'.
Generating RTLIL representation for module `\$__div_mod_u'.
Generating RTLIL representation for module `\$__div_mod_trunc'.
Generating RTLIL representation for module `\_90_div'.
Generating RTLIL representation for module `\_90_mod'.
Generating RTLIL representation for module `\$__div_mod_floor'.
Generating RTLIL representation for module `\_90_divfloor'.
Generating RTLIL representation for module `\_90_modfloor'.
Generating RTLIL representation for module `\_90_pow'.
Generating RTLIL representation for module `\_90_pmux'.
Generating RTLIL representation for module `\_90_demux'.
Generating RTLIL representation for module `\_90_lut'.
Successfully finished Verilog frontend.

21.2. Continuing TECHMAP pass.
Running "alumacc" on wrapper $extern:wrap:$sub:A_SIGNED=0:A_WIDTH=4:B_SIGNED=0:B_WIDTH=4:Y_WIDTH=4:394426c56d1a028ba8fdd5469b163e04011def47.
Using template $extern:wrap:$sub:A_SIGNED=0:A_WIDTH=4:B_SIGNED=0:B_WIDTH=4:Y_WIDTH=4:394426c56d1a028ba8fdd5469b163e04011def47 for cells of type $extern:wrap:$sub:A_SIGNED=0:A_WIDTH=4:B_SIGNED=0:B_WIDTH=4:Y_WIDTH=4:394426c56d1a028ba8fdd5469b163e04011def47.
Using extmapper simplemap for cells of type $and.
Using extmapper simplemap for cells of type $or.
Using extmapper simplemap for cells of type $eq.
Using extmapper simplemap for cells of type $mux.
Using template $paramod$bf2533632d512eac76dd186c0da49367e29b8e98\_90_pmux for cells of type $pmux.
Running "alumacc" on wrapper $extern:wrap:$neg:A_SIGNED=0:A_WIDTH=4:Y_WIDTH=4:394426c56d1a028ba8fdd5469b163e04011def47.
Using template $extern:wrap:$neg:A_SIGNED=0:A_WIDTH=4:Y_WIDTH=4:394426c56d1a028ba8fdd5469b163e04011def47 for cells of type $extern:wrap:$neg:A_SIGNED=0:A_WIDTH=4:Y_WIDTH=4:394426c56d1a028ba8fdd5469b163e04011def47.
Using template $paramod$740b056ede97228d3eae64ea2fdc81f0a33e0fe7\_90_alu for cells of type $alu.
Using extmapper simplemap for cells of type $reduce_or.
Using template $paramod$6b90a16b6f3b57b9c9d958838204f952a01dc262\_90_alu for cells of type $alu.
Using extmapper simplemap for cells of type $xor.
Using template $paramod\_90_lcu\WIDTH=32'00000000000000000000000000000100 for cells of type $lcu.
Using extmapper simplemap for cells of type $pos.
Using extmapper simplemap for cells of type $not.
No more expansions possible.
<suppressed ~320 debug messages>

22. Executing OPT pass (performing simple optimizations).

22.1. Executing OPT_EXPR pass (perform const folding).
Optimizing module ALU_4bits.
<suppressed ~40 debug messages>

22.2. Executing OPT_MERGE pass (detect identical cells).
Finding identical cells in module `\ALU_4bits'.
<suppressed ~9 debug messages>
Removed a total of 3 cells.

22.3. Executing OPT_DFF pass (perform DFF optimizations).

22.4. Executing OPT_CLEAN pass (remove unused cells and wires).
Finding unused cells or wires in module \ALU_4bits..
Removed 9 unused cells and 98 unused wires.
<suppressed ~10 debug messages>

22.5. Finished fast OPT passes.

23. Executing ABC pass (technology mapping using ABC).

23.1. Extracting gate netlist of module `\ALU_4bits' to `<abc-temp-dir>/input.blif'..
Extracted 63 gates and 73 wires to a netlist network with 10 inputs and 4 outputs.

23.1.1. Executing ABC.
Running ABC command: "<yosys-exe-dir>/yosys-abc" -s -f <abc-temp-dir>/abc.script 2>&1
ABC: ABC command line: "source <abc-temp-dir>/abc.script".
ABC: 
ABC: + read_blif <abc-temp-dir>/input.blif 
ABC: + read_lut <abc-temp-dir>/lutdefs.txt 
ABC: + strash 
ABC: + &get -n 
ABC: + &fraig -x 
ABC: + &put 
ABC: + scorr 
ABC: Warning: The network is combinational (run "fraig" or "fraig_sweep").
ABC: + dc2 
ABC: + dretime 
ABC: + strash 
ABC: + dch -f 
ABC: + if 
ABC: + mfs2 
ABC: + lutpack -S 1 
ABC: + write_blif <abc-temp-dir>/output.blif 

23.1.2. Re-integrating ABC results.
ABC RESULTS:              $lut cells:       12
ABC RESULTS:        internal signals:       59
ABC RESULTS:           input signals:       10
ABC RESULTS:          output signals:        4
Removing temp directory.

24. Executing SYNTH pass.

24.1. Executing HIERARCHY pass (managing design hierarchy).

24.1.1. Analyzing design hierarchy..
Top module:  \ALU_4bits

24.1.2. Analyzing design hierarchy..
Top module:  \ALU_4bits
Removed 0 unused modules.

24.2. Printing statistics.

=== ALU_4bits ===

   Number of wires:                 47
   Number of wire bits:            102
   Number of public wires:           4
   Number of public wire bits:      14
   Number of memories:               0
   Number of memory bits:            0
   Number of processes:              0
   Number of cells:                 12
     $lut                           12

24.3. Executing CHECK pass (checking for obvious problems).
Checking module ALU_4bits...
Found and reported 0 problems.

25. Executing OPT_CLEAN pass (remove unused cells and wires).
Finding unused cells or wires in module \ALU_4bits..
Removed 0 unused cells and 35 unused wires.
<suppressed ~1 debug messages>

26. Executing BLIF backend.

End of script. Logfile hash: 8250eba5c5, CPU: user 0.03s system 0.01s, MEM: 23.14 MB peak
Yosys 0.27+3 (git sha1 b58664d44, gcc 11.3.0-1ubuntu1~22.04 -fPIC -Os)
Time spent: 53% 1x abc (0 sec), 11% 16x opt_expr (0 sec), ...
0